Flow report for DE0_CV_Default
Wed Apr  1 15:06:10 2020
Quartus Prime Version 18.1.0 Build 625 09/12/2018 SJ Lite Edition


---------------------
; Table of Contents ;
---------------------
  1. Legal Notice
  2. Flow Summary
  3. Flow Settings
  4. Flow Non-Default Global Settings
  5. Flow Elapsed Time
  6. Flow OS Summary
  7. Flow Log
  8. Flow Messages
  9. Flow Suppressed Messages



----------------
; Legal Notice ;
----------------
Copyright (C) 2018  Intel Corporation. All rights reserved.
Your use of Intel Corporation's design tools, logic functions 
and other software and tools, and its AMPP partner logic 
functions, and any output files from any of the foregoing 
(including device programming or simulation files), and any 
associated documentation or information are expressly subject 
to the terms and conditions of the Intel Program License 
Subscription Agreement, the Intel Quartus Prime License Agreement,
the Intel FPGA IP License Agreement, or other applicable license
agreement, including, without limitation, that your use is for
the sole purpose of programming logic devices manufactured by
Intel and sold by Intel or its authorized distributors.  Please
refer to the applicable agreement for further details.



+-------------------------------------------------------------------------------+
; Flow Summary                                                                  ;
+---------------------------------+---------------------------------------------+
; Flow Status                     ; Successful - Wed Apr  1 15:06:04 2020       ;
; Quartus Prime Version           ; 18.1.0 Build 625 09/12/2018 SJ Lite Edition ;
; Revision Name                   ; DE0_CV_Default                              ;
; Top-level Entity Name           ; TopLevel                                    ;
; Family                          ; Cyclone V                                   ;
; Device                          ; 5CEBA4F23C7                                 ;
; Timing Models                   ; Final                                       ;
; Logic utilization (in ALMs)     ; 3 / 18,480 ( < 1 % )                        ;
; Total registers                 ; 1                                           ;
; Total pins                      ; 24 / 224 ( 11 % )                           ;
; Total virtual pins              ; 0                                           ;
; Total block memory bits         ; 0 / 3,153,920 ( 0 % )                       ;
; Total DSP Blocks                ; 0 / 66 ( 0 % )                              ;
; Total HSSI RX PCSs              ; 0                                           ;
; Total HSSI PMA RX Deserializers ; 0                                           ;
; Total HSSI TX PCSs              ; 0                                           ;
; Total HSSI PMA TX Serializers   ; 0                                           ;
; Total PLLs                      ; 0 / 4 ( 0 % )                               ;
; Total DLLs                      ; 0 / 4 ( 0 % )                               ;
+---------------------------------+---------------------------------------------+


+-----------------------------------------+
; Flow Settings                           ;
+-------------------+---------------------+
; Option            ; Setting             ;
+-------------------+---------------------+
; Start date & time ; 04/01/2020 15:05:12 ;
; Main task         ; Compilation         ;
; Revision Name     ; DE0_CV_Default      ;
+-------------------+---------------------+


+------------------------------------------------------------------------------------------------------------------------------------------------+
; Flow Non-Default Global Settings                                                                                                               ;
+-------------------------------------+----------------------------------------+--------------------------------------+-------------+------------+
; Assignment Name                     ; Value                                  ; Default Value                        ; Entity Name ; Section Id ;
+-------------------------------------+----------------------------------------+--------------------------------------+-------------+------------+
; COMPILER_SIGNATURE_ID               ; 21849964993.158576431211542            ; --                                   ; --          ; --         ;
; ENABLE_SIGNALTAP                    ; On                                     ; --                                   ; --          ; --         ;
; FITTER_EFFORT                       ; Standard Fit                           ; Auto Fit                             ; --          ; --         ;
; FLOW_ENABLE_RTL_VIEWER              ; On                                     ; Off                                  ; --          ; --         ;
; MAX_CORE_JUNCTION_TEMP              ; 85                                     ; --                                   ; --          ; --         ;
; MIN_CORE_JUNCTION_TEMP              ; 0                                      ; --                                   ; --          ; --         ;
; OPTIMIZATION_TECHNIQUE              ; Speed                                  ; Balanced                             ; --          ; --         ;
; OUTPUT_IO_TIMING_FAR_END_VMEAS      ; Half Signal Swing                      ; --                                   ; --          ; --         ;
; OUTPUT_IO_TIMING_FAR_END_VMEAS      ; Half Signal Swing                      ; --                                   ; --          ; --         ;
; OUTPUT_IO_TIMING_NEAR_END_VMEAS     ; Half Vccio                             ; --                                   ; --          ; --         ;
; OUTPUT_IO_TIMING_NEAR_END_VMEAS     ; Half Vccio                             ; --                                   ; --          ; --         ;
; PARTITION_COLOR                     ; -- (Not supported for targeted family) ; --                                   ; TopLevel    ; Top        ;
; PARTITION_FITTER_PRESERVATION_LEVEL ; -- (Not supported for targeted family) ; --                                   ; TopLevel    ; Top        ;
; PARTITION_NETLIST_TYPE              ; -- (Not supported for targeted family) ; --                                   ; TopLevel    ; Top        ;
; POWER_BOARD_THERMAL_MODEL           ; None (CONSERVATIVE)                    ; --                                   ; --          ; --         ;
; POWER_PRESET_COOLING_SOLUTION       ; 23 MM HEAT SINK WITH 200 LFPM AIRFLOW  ; --                                   ; --          ; --         ;
; PROJECT_IP_REGENERATION_POLICY      ; ALWAYS_REGENERATE_IP                   ; SKIP_REGENERATING_IP_IF_HDL_MODIFIED ; --          ; --         ;
; SMART_RECOMPILE                     ; On                                     ; Off                                  ; --          ; --         ;
; TOP_LEVEL_ENTITY                    ; TopLevel                               ; DE0_CV_Default                       ; --          ; --         ;
; USE_SIGNALTAP_FILE                  ; stp1.stp                               ; --                                   ; --          ; --         ;
+-------------------------------------+----------------------------------------+--------------------------------------+-------------+------------+


+--------------------------------------------------------------------------------------------------------------------------+
; Flow Elapsed Time                                                                                                        ;
+----------------------+--------------+-------------------------+---------------------+------------------------------------+
; Module Name          ; Elapsed Time ; Average Processors Used ; Peak Virtual Memory ; Total CPU Time (on all processors) ;
+----------------------+--------------+-------------------------+---------------------+------------------------------------+
; Analysis & Synthesis ; 00:00:13     ; 1.0                     ; 1023 MB             ; 00:00:28                           ;
; Fitter               ; 00:00:29     ; 1.0                     ; 2069 MB             ; 00:00:30                           ;
; Assembler            ; 00:00:05     ; 1.0                     ; 951 MB              ; 00:00:05                           ;
; Timing Analyzer      ; 00:00:05     ; 1.0                     ; 1099 MB             ; 00:00:04                           ;
; Total                ; 00:00:52     ; --                      ; --                  ; 00:01:07                           ;
+----------------------+--------------+-------------------------+---------------------+------------------------------------+


+------------------------------------------------------------------------------------------+
; Flow OS Summary                                                                          ;
+----------------------+--------------------+----------------+------------+----------------+
; Module Name          ; Machine Hostname   ; OS Name        ; OS Version ; Processor type ;
+----------------------+--------------------+----------------+------------+----------------+
; Analysis & Synthesis ; ideapad-330s-15ikb ; Ubuntu 18.04.4 ; 18         ; x86_64         ;
; Fitter               ; ideapad-330s-15ikb ; Ubuntu 18.04.4 ; 18         ; x86_64         ;
; Assembler            ; ideapad-330s-15ikb ; Ubuntu 18.04.4 ; 18         ; x86_64         ;
; Timing Analyzer      ; ideapad-330s-15ikb ; Ubuntu 18.04.4 ; 18         ; x86_64         ;
+----------------------+--------------------+----------------+------------+----------------+


------------
; Flow Log ;
------------
quartus_map --read_settings_files=on --write_settings_files=off DE0_CV_Default -c DE0_CV_Default
quartus_fit --read_settings_files=off --write_settings_files=off DE0_CV_Default -c DE0_CV_Default
quartus_asm --read_settings_files=off --write_settings_files=off DE0_CV_Default -c DE0_CV_Default
quartus_sta DE0_CV_Default -c DE0_CV_Default



